[15/4/2026, 2:01:01 pm] User validation failed: name: Path `name` is required., belt_number: Path `belt_number` is required., battalion_name: Path `battalion_name` is required., company: Path `company` is required., email: Path `email` is required., password: Path `password` is required. at model.validate (/Users/sunitaqsunita/development/RAC/rac_server/node_modules/mongoose/lib/document.js:2864:36)
[16/4/2026, 11:40:13 am] Unexpected field at wrappedFileFilter (/Users/sunitaqsunita/development/RAC/rac_server/node_modules/multer/index.js:41:19)
[16/4/2026, 12:04:39 pm] Unexpected field at wrappedFileFilter (/Users/sunitaqsunita/development/RAC/rac_server/node_modules/multer/index.js:41:19)
[16/4/2026, 12:04:44 pm] Unexpected field at wrappedFileFilter (/Users/sunitaqsunita/development/RAC/rac_server/node_modules/multer/index.js:41:19)
[16/4/2026, 12:07:51 pm] Unexpected field at wrappedFileFilter (/Users/sunitaqsunita/development/RAC/rac_server/node_modules/multer/index.js:41:19)
[16/4/2026, 12:11:13 pm] Unexpected field at wrappedFileFilter (/Users/sunitaqsunita/development/RAC/rac_server/node_modules/multer/index.js:41:19)
[16/4/2026, 12:11:37 pm] Unexpected field at wrappedFileFilter (/Users/sunitaqsunita/development/RAC/rac_server/node_modules/multer/index.js:41:19)
[16/4/2026, 12:12:12 pm] Unexpected field at wrappedFileFilter (/Users/sunitaqsunita/development/RAC/rac_server/node_modules/multer/index.js:41:19)
[16/4/2026, 12:12:19 pm] Unexpected field at wrappedFileFilter (/Users/sunitaqsunita/development/RAC/rac_server/node_modules/multer/index.js:41:19)
[16/4/2026, 12:12:37 pm] Unexpected field at wrappedFileFilter (/Users/sunitaqsunita/development/RAC/rac_server/node_modules/multer/index.js:41:19)
[16/4/2026, 12:12:37 pm] Unexpected field at wrappedFileFilter (/Users/sunitaqsunita/development/RAC/rac_server/node_modules/multer/index.js:41:19)
[16/4/2026, 12:16:08 pm] Unexpected field at wrappedFileFilter (/Users/sunitaqsunita/development/RAC/rac_server/node_modules/multer/index.js:41:19)
[16/4/2026, 12:17:09 pm] Unexpected field at wrappedFileFilter (/Users/sunitaqsunita/development/RAC/rac_server/node_modules/multer/index.js:41:19)
[16/4/2026, 12:20:21 pm] Unexpected field at wrappedFileFilter (/Users/sunitaqsunita/development/RAC/rac_server/node_modules/multer/index.js:41:19)
[16/4/2026, 12:45:03 pm] Unexpected field at wrappedFileFilter (/Users/sunitaqsunita/development/RAC/rac_server/node_modules/multer/index.js:41:19)
[16/4/2026, 12:47:31 pm] Unexpected field at wrappedFileFilter (/Users/sunitaqsunita/development/RAC/rac_server/node_modules/multer/index.js:41:19)
[16/4/2026, 12:48:36 pm] Unexpected field at wrappedFileFilter (/Users/sunitaqsunita/development/RAC/rac_server/node_modules/multer/index.js:41:19)
[16/4/2026, 12:49:53 pm] Unexpected field at wrappedFileFilter (/Users/sunitaqsunita/development/RAC/rac_server/node_modules/multer/index.js:41:19)
[16/4/2026, 12:50:47 pm] Unexpected field at wrappedFileFilter (/Users/sunitaqsunita/development/RAC/rac_server/node_modules/multer/index.js:41:19)
[16/4/2026, 12:52:30 pm] Unexpected field at wrappedFileFilter (/Users/sunitaqsunita/development/RAC/rac_server/node_modules/multer/index.js:41:19)
[16/4/2026, 12:54:19 pm] Unexpected field at wrappedFileFilter (/Users/sunitaqsunita/development/RAC/rac_server/node_modules/multer/index.js:41:19)
[16/4/2026, 12:58:05 pm] Unexpected field at wrappedFileFilter (/Users/sunitaqsunita/development/RAC/rac_server/node_modules/multer/index.js:41:19)
[16/4/2026, 12:58:16 pm] Unexpected field at wrappedFileFilter (/Users/sunitaqsunita/development/RAC/rac_server/node_modules/multer/index.js:41:19)
[16/4/2026, 12:58:47 pm] Unexpected field at wrappedFileFilter (/Users/sunitaqsunita/development/RAC/rac_server/node_modules/multer/index.js:41:19)
[16/4/2026, 12:59:47 pm] Unexpected field at wrappedFileFilter (/Users/sunitaqsunita/development/RAC/rac_server/node_modules/multer/index.js:41:19)
[16/4/2026, 12:59:57 pm] Unexpected field at wrappedFileFilter (/Users/sunitaqsunita/development/RAC/rac_server/node_modules/multer/index.js:41:19)
[16/4/2026, 12:59:59 pm] Unexpected field at wrappedFileFilter (/Users/sunitaqsunita/development/RAC/rac_server/node_modules/multer/index.js:41:19)
[16/4/2026, 1:02:18 pm] Unexpected field at wrappedFileFilter (/Users/sunitaqsunita/development/RAC/rac_server/node_modules/multer/index.js:41:19)
[16/4/2026, 1:05:07 pm] Unexpected field at wrappedFileFilter (/Users/sunitaqsunita/development/RAC/rac_server/node_modules/multer/index.js:41:19)
[16/4/2026, 1:12:27 pm] Unexpected field at wrappedFileFilter (/Users/sunitaqsunita/development/RAC/rac_server/node_modules/multer/index.js:41:19)
[16/4/2026, 1:13:54 pm] Unexpected field at wrappedFileFilter (/Users/sunitaqsunita/development/RAC/rac_server/node_modules/multer/index.js:41:19)
[16/4/2026, 1:21:40 pm] Unexpected field at wrappedFileFilter (/Users/sunitaqsunita/development/RAC/rac_server/node_modules/multer/index.js:41:19)
[16/4/2026, 1:22:16 pm] Unexpected field at wrappedFileFilter (/Users/sunitaqsunita/development/RAC/rac_server/node_modules/multer/index.js:41:19)
[16/4/2026, 1:22:39 pm] Unexpected field at wrappedFileFilter (/Users/sunitaqsunita/development/RAC/rac_server/node_modules/multer/index.js:41:19)
[16/4/2026, 1:23:45 pm] Unexpected field at wrappedFileFilter (/Users/sunitaqsunita/development/RAC/rac_server/node_modules/multer/index.js:41:19)
[16/4/2026, 2:06:30 pm] Unexpected field at wrappedFileFilter (/Users/sunitaqsunita/development/RAC/rac_server/node_modules/multer/index.js:41:19)
[16/4/2026, 2:10:08 pm] Unexpected field at wrappedFileFilter (/Users/sunitaqsunita/development/RAC/rac_server/node_modules/multer/index.js:41:19)
[16/4/2026, 2:10:10 pm] Unexpected field at wrappedFileFilter (/Users/sunitaqsunita/development/RAC/rac_server/node_modules/multer/index.js:41:19)
[16/4/2026, 2:10:28 pm] Unexpected field at wrappedFileFilter (/Users/sunitaqsunita/development/RAC/rac_server/node_modules/multer/index.js:41:19)
[16/4/2026, 2:12:46 pm] Unexpected field at wrappedFileFilter (/Users/sunitaqsunita/development/RAC/rac_server/node_modules/multer/index.js:41:19)
[16/4/2026, 2:13:04 pm] Unexpected field at wrappedFileFilter (/Users/sunitaqsunita/development/RAC/rac_server/node_modules/multer/index.js:41:19)
[16/4/2026, 2:14:16 pm] VcApply validation failed: reason: Path `reason` is required., officerName: Path `officerName` is required. at model.validate (/Users/sunitaqsunita/development/RAC/rac_server/node_modules/mongoose/lib/document.js:2864:36)
[16/4/2026, 2:14:39 pm] Unexpected field at wrappedFileFilter (/Users/sunitaqsunita/development/RAC/rac_server/node_modules/multer/index.js:41:19)
[16/4/2026, 2:34:02 pm] Unexpected field at wrappedFileFilter (/Users/sunitaqsunita/development/RAC/rac_server/node_modules/multer/index.js:41:19)
[16/4/2026, 3:32:50 pm] getaddrinfo ENOTFOUND ac-cu7xj3y-shard-00-01.lkrlvrn.mongodb.net at Topology.selectServer (/Users/sunitaqsunita/development/RAC/rac_server/node_modules/mongodb/lib/sdam/topology.js:347:38)
[16/4/2026, 3:32:50 pm] getaddrinfo ENOTFOUND ac-cu7xj3y-shard-00-01.lkrlvrn.mongodb.net at Topology.selectServer (/Users/sunitaqsunita/development/RAC/rac_server/node_modules/mongodb/lib/sdam/topology.js:347:38)
[16/4/2026, 3:33:36 pm] getaddrinfo ENOTFOUND ac-cu7xj3y-shard-00-01.lkrlvrn.mongodb.net at Topology.selectServer (/Users/sunitaqsunita/development/RAC/rac_server/node_modules/mongodb/lib/sdam/topology.js:347:38)
[16/4/2026, 4:05:46 pm] Cast to ObjectId failed for value "69df33d6a430a9465bbe62fcd" (type string) at path "userId" for model "VcApply" at SchemaObjectId.cast (/Users/sunitaqsunita/development/RAC/rac_server/node_modules/mongoose/lib/schema/objectId.js:252:11)
[16/4/2026, 4:05:57 pm] Cast to ObjectId failed for value "69df33d6a430a9465bbe62fcooo" (type string) at path "userId" for model "VcApply" at SchemaObjectId.cast (/Users/sunitaqsunita/development/RAC/rac_server/node_modules/mongoose/lib/schema/objectId.js:252:11)
[1/5/2026, 12:44:42 pm] Payment validation failed: id: Path `id` is required. at model.validate (/Users/sunitaqsunita/development/payment_manager/node_modules/mongoose/lib/document.js:2864:36)
[5/5/2026, 10:49:29 am] Assignment to constant variable. at updateMatchURL (file:///Users/sunitaqsunita/development/nodejs_project/cricket_server/services/liveMatchService.mjs:12:7)
[5/5/2026, 4:01:40 pm] Payment validation failed: id: Path `id` is required. at model.validate (/Users/sunitaqsunita/development/nodejs_project/cricket_server/node_modules/mongoose/lib/document.js:2864:36)
[5/5/2026, 4:02:49 pm] Expected double-quoted property name in JSON at position 41 (line 5 column 1) at JSON.parse (<anonymous>)[12/5/2026, 1:56:41 pm] Job validation failed: description: Path `description` is required., location: Path `location` is required., company: Path `company` is required., title: Path `title` is required. at model.validate (/Users/sunitaqsunita/development/nodejs_project/job_server/node_modules/mongoose/lib/document.js:2864:36)
[13/5/2026, 9:53:19 am] Job validation failed: description: Path `description` is required., location: Path `location` is required., company: Path `company` is required., title: Path `title` is required., status: `Pending` is not a valid enum value for path `status`. at model.validate (/Users/sunitaqsunita/development/nodejs_project/job_server/node_modules/mongoose/lib/document.js:2864:36)
[13/5/2026, 9:55:47 am] Job validation failed: description: Path `description` is required., location: Path `location` is required., company: Path `company` is required., title: Path `title` is required., status: `Pending` is not a valid enum value for path `status`. at model.validate (/Users/sunitaqsunita/development/nodejs_project/job_server/node_modules/mongoose/lib/document.js:2864:36)
[13/5/2026, 9:57:14 am] Job validation failed: description: Path `description` is required., location: Path `location` is required., company: Path `company` is required., title: Path `title` is required., status: `Pending` is not a valid enum value for path `status`. at model.validate (/Users/sunitaqsunita/development/nodejs_project/job_server/node_modules/mongoose/lib/document.js:2864:36)
[13/5/2026, 9:59:04 am] Job validation failed: description: Path `description` is required., location: Path `location` is required., company: Path `company` is required., title: Path `title` is required., status: `Pending` is not a valid enum value for path `status`. at model.validate (/Users/sunitaqsunita/development/nodejs_project/job_server/node_modules/mongoose/lib/document.js:2864:36)
[13/5/2026, 10:02:23 am] Job validation failed: description: Path `description` is required., location: Path `location` is required., company: Path `company` is required., title: Path `title` is required., status: `Pending` is not a valid enum value for path `status`. at model.validate (/Users/sunitaqsunita/development/nodejs_project/job_server/node_modules/mongoose/lib/document.js:2864:36)
[13/5/2026, 10:09:22 am] getaddrinfo ENOTFOUND ac-cu7xj3y-shard-00-01.lkrlvrn.mongodb.net at Topology.selectServer (/Users/sunitaqsunita/development/nodejs_project/job_server/node_modules/mongodb/lib/sdam/topology.js:348:38)
[13/5/2026, 10:10:12 am] getaddrinfo ENOTFOUND ac-cu7xj3y-shard-00-01.lkrlvrn.mongodb.net at Topology.selectServer (/Users/sunitaqsunita/development/nodejs_project/job_server/node_modules/mongodb/lib/sdam/topology.js:348:38)
[13/5/2026, 10:11:28 am] Job validation failed: description: Path `description` is required., location: Path `location` is required., company: Path `company` is required., title: Path `title` is required., status: `Pending` is not a valid enum value for path `status`. at model.validate (/Users/sunitaqsunita/development/nodejs_project/job_server/node_modules/mongoose/lib/document.js:2864:36)
[13/5/2026, 10:12:32 am] Job validation failed: description: Path `description` is required., location: Path `location` is required., company: Path `company` is required., title: Path `title` is required., status: `Pending` is not a valid enum value for path `status`. at model.validate (/Users/sunitaqsunita/development/nodejs_project/job_server/node_modules/mongoose/lib/document.js:2864:36)
[13/5/2026, 10:12:41 am] Job validation failed: description: Path `description` is required., location: Path `location` is required., company: Path `company` is required., title: Path `title` is required., status: `Pending` is not a valid enum value for path `status`. at model.validate (/Users/sunitaqsunita/development/nodejs_project/job_server/node_modules/mongoose/lib/document.js:2864:36)
[13/5/2026, 10:13:18 am] Job validation failed: description: Path `description` is required., location: Path `location` is required., company: Path `company` is required., title: Path `title` is required., status: `Pending` is not a valid enum value for path `status`. at model.validate (/Users/sunitaqsunita/development/nodejs_project/job_server/node_modules/mongoose/lib/document.js:2864:36)
[13/5/2026, 10:23:44 am] Job validation failed: description: Path `description` is required., location: Path `location` is required., company: Path `company` is required., title: Path `title` is required., status: `Pending` is not a valid enum value for path `status`. at model.validate (/Users/sunitaqsunita/development/nodejs_project/job_server/node_modules/mongoose/lib/document.js:2864:36)
[13/5/2026, 10:24:47 am] Job validation failed: description: Path `description` is required., location: Path `location` is required., company: Path `company` is required., title: Path `title` is required., status: `Pending` is not a valid enum value for path `status`. at model.validate (/Users/sunitaqsunita/development/nodejs_project/job_server/node_modules/mongoose/lib/document.js:2864:36)
[13/5/2026, 10:31:35 am] Job validation failed: description: Path `description` is required., location: Path `location` is required., company: Path `company` is required., title: Path `title` is required., status: `Pending` is not a valid enum value for path `status`. at model.validate (/Users/sunitaqsunita/development/nodejs_project/job_server/node_modules/mongoose/lib/document.js:2864:36)
[13/5/2026, 10:37:32 am] Job validation failed: description: Path `description` is required., location: Path `location` is required., company: Path `company` is required., title: Path `title` is required., status: `Pending` is not a valid enum value for path `status`. at model.validate (/Users/sunitaqsunita/development/nodejs_project/job_server/node_modules/mongoose/lib/document.js:2864:36)
[13/5/2026, 10:43:41 am] Job validation failed: description: Path `description` is required., location: Path `location` is required., company: Path `company` is required., title: Path `title` is required., status: `Pending` is not a valid enum value for path `status`. at model.validate (/Users/sunitaqsunita/development/nodejs_project/job_server/node_modules/mongoose/lib/document.js:2864:36)
[13/5/2026, 10:57:08 am] Job validation failed: description: Path `description` is required., location: Path `location` is required., company: Path `company` is required., title: Path `title` is required., status: `Pending` is not a valid enum value for path `status`. at model.validate (/Users/sunitaqsunita/development/nodejs_project/job_server/node_modules/mongoose/lib/document.js:2864:36)
[13/5/2026, 11:02:03 am] Job validation failed: description: Path `description` is required., location: Path `location` is required., company: Path `company` is required., title: Path `title` is required., status: `Pending` is not a valid enum value for path `status`. at model.validate (/Users/sunitaqsunita/development/nodejs_project/job_server/node_modules/mongoose/lib/document.js:2864:36)
[13/5/2026, 11:04:12 am] Job validation failed: description: Path `description` is required., location: Path `location` is required., company: Path `company` is required., title: Path `title` is required., status: `Pending` is not a valid enum value for path `status`. at model.validate (/Users/sunitaqsunita/development/nodejs_project/job_server/node_modules/mongoose/lib/document.js:2864:36)
[13/5/2026, 11:04:24 am] Job validation failed: description: Path `description` is required., location: Path `location` is required., company: Path `company` is required., title: Path `title` is required., status: `Pending` is not a valid enum value for path `status`. at model.validate (/Users/sunitaqsunita/development/nodejs_project/job_server/node_modules/mongoose/lib/document.js:2864:36)
[13/5/2026, 11:05:15 am] JobApply validation failed: status: `Pending` is not a valid enum value for path `status`. at model.validate (/Users/sunitaqsunita/development/nodejs_project/job_server/node_modules/mongoose/lib/document.js:2864:36)
[13/5/2026, 11:06:23 am] JobApply validation failed: status: `Pending` is not a valid enum value for path `status`. at model.validate (/Users/sunitaqsunita/development/nodejs_project/job_server/node_modules/mongoose/lib/document.js:2864:36)
[13/5/2026, 11:08:03 am] JobApply validation failed: status: `Pending` is not a valid enum value for path `status`. at model.validate (/Users/sunitaqsunita/development/nodejs_project/job_server/node_modules/mongoose/lib/document.js:2864:36)
[13/5/2026, 11:08:42 am] JobApply validation failed: status: `Pending` is not a valid enum value for path `status`. at model.validate (/Users/sunitaqsunita/development/nodejs_project/job_server/node_modules/mongoose/lib/document.js:2864:36)
[13/5/2026, 11:08:55 am] JobApply validation failed: status: `Pending` is not a valid enum value for path `status`. at model.validate (/Users/sunitaqsunita/development/nodejs_project/job_server/node_modules/mongoose/lib/document.js:2864:36)
[13/5/2026, 1:01:52 pm] Cannot read properties of undefined (reading 'name') at Module.updateApplication (file:///Users/sunitaqsunita/development/nodejs_project/job_server/services/jobApply.service.mjs:50:18)
[13/5/2026, 1:13:20 pm] Cannot read properties of undefined (reading 'name') at Module.updateApplication (file:///Users/sunitaqsunita/development/nodejs_project/job_server/services/jobApply.service.mjs:57:18)
[13/5/2026, 1:24:52 pm] Cast to ObjectId failed for value "{
  _id: null,
  title: 'Backend Node.js Developer',
  company: 'TechNova Pvt Ltd',
  location: 'Jaipur, Rajasthan',
  salary: 75000,
  description: 'We are looking for a skilled Node.js developer who can build scalable backend APIs using Express and MongoDB.',
  skills: [ 'Node.js', 'Express.js', 'MongoDB', 'JWT', 'REST API' ],
  experience: '2+ Years',
  jobType: 'Full-Time',
  status: 'open',
  createdAt: null,
  updatedAt: null,
  __v: null
}" (type Object) at path "_id" for model "Job" _id: null,
[13/5/2026, 1:57:42 pm] JobApply validation failed: qualifications: Path `qualifications` is required., email: Path `email` is required., mobile: Path `mobile` is required., name: Path `name` is required. at model.validate (/Users/sunitaqsunita/development/nodejs_project/job_server/node_modules/mongoose/lib/document.js:2864:36)
[13/5/2026, 1:58:25 pm] JobApply validation failed: _id: Cast to ObjectId failed for value "123" (type string) at path "_id", qualifications: Path `qualifications` is required., email: Path `email` is required. at Document.invalidate (/Users/sunitaqsunita/development/nodejs_project/job_server/node_modules/mongoose/lib/document.js:3444:32)
[13/5/2026, 1:58:52 pm] JobApply validation failed: _id: Cast to ObjectId failed for value "123" (type string) at path "_id" at Document.invalidate (/Users/sunitaqsunita/development/nodejs_project/job_server/node_modules/mongoose/lib/document.js:3444:32)
[13/5/2026, 3:42:14 pm] populatedApplication is not defined at Module.applyJob (file:///Users/sunitaqsunita/development/nodejs_project/job_server/services/jobApply.service.mjs:24:3)
[13/5/2026, 3:42:59 pm] data is not defined at Module.applyJob (file:///Users/sunitaqsunita/development/nodejs_project/job_server/services/jobApply.service.mjs:33:11)
[13/5/2026, 4:09:00 pm] Validation failed: email: Path `email` is required., mobile: Path `mobile` is required. at model.Query.validate (/Users/sunitaqsunita/development/nodejs_project/job_server/node_modules/mongoose/lib/query.js:4187:19)
[14/5/2026, 12:36:12 pm] Job validation failed: _id: Cast to ObjectId failed for value "6a01c8b57bf6a3ebf8dd501" (type string) at path "_id" at Document.invalidate (/Users/sunitaqsunita/development/nodejs_project/job_server/node_modules/mongoose/lib/document.js:3444:32)
[14/5/2026, 12:36:37 pm] Job validation failed: _id: Cast to ObjectId failed for value "6a01d1017bf6a3ebf8dd610" (type string) at path "_id" at Document.invalidate (/Users/sunitaqsunita/development/nodejs_project/job_server/node_modules/mongoose/lib/document.js:3444:32)
[14/5/2026, 1:23:31 pm] Job validation failed: _id: Cast to ObjectId failed for value "6a01e1017bf6a3ebf8dd700" (type string) at path "_id" at Document.invalidate (/Users/sunitaqsunita/development/nodejs_project/job_server/node_modules/mongoose/lib/document.js:3444:32)
[14/5/2026, 1:26:12 pm] JobApply validation failed: deviceId: Path `deviceId` is required. at model.validate (/Users/sunitaqsunita/development/nodejs_project/job_server/node_modules/mongoose/lib/document.js:2864:36)
[14/5/2026, 1:29:36 pm] JobApply validation failed: deviceId: Path `deviceId` is required. at model.validate (/Users/sunitaqsunita/development/nodejs_project/job_server/node_modules/mongoose/lib/document.js:2864:36)
[14/5/2026, 1:37:14 pm] JobApply validation failed: deviceId: Path `deviceId` is required. at model.validate (/Users/sunitaqsunita/development/nodejs_project/job_server/node_modules/mongoose/lib/document.js:2864:36)
[14/5/2026, 1:48:10 pm] service.updateApplication is not a function at updateApplicationController (file:///Users/sunitaqsunita/development/nodejs_project/job_server/controller/jobApply.controller.mjs:132:23)
[19/5/2026, 12:05:21 pm] Cast to ObjectId failed for value "A.250605.015" (type string) at path "_id" for model "Job" at SchemaObjectId.cast (/Users/sunitaqsunita/development/nodejs_project/job_server/node_modules/mongoose/lib/schema/objectId.js:252:11)
[22/5/2026, 1:33:39 pm] Cannot destructure property 'userId' of 'undefined' as it is undefined. at Module.handleUser (file:///Users/sunitaqsunita/development/nodejs_project/job_server/services/user.service.mjs:4:3)
[22/5/2026, 1:34:15 pm] User validation failed: name: Path `name` is required., mobile: Path `mobile` is required. at model.validate (/Users/sunitaqsunita/development/nodejs_project/job_server/node_modules/mongoose/lib/document.js:2864:36)
[22/5/2026, 1:34:48 pm] secretOrPrivateKey must have a value at module.exports [as sign] (/Users/sunitaqsunita/development/nodejs_project/job_server/node_modules/jsonwebtoken/sign.js:111:20)
[22/5/2026, 1:35:13 pm] secretOrPrivateKey must have a value at module.exports [as sign] (/Users/sunitaqsunita/development/nodejs_project/job_server/node_modules/jsonwebtoken/sign.js:111:20)
[22/5/2026, 1:35:44 pm] secretOrPrivateKey must have a value at module.exports [as sign] (/Users/sunitaqsunita/development/nodejs_project/job_server/node_modules/jsonwebtoken/sign.js:111:20)
